  Determining projects to restore...
  All projects are up-to-date for restore.
  Clywell.Core.Logging -> C:\Users\DELL\Desktop\OAR\C#\Projects\Clywell Core\src\Clywell.Core.Logging\bin\Debug\net10.0\Clywell.Core.Logging.dll
C:\Users\DELL\Desktop\OAR\C#\Projects\Clywell Core\StudentScoreApi\Program.cs(12,9): error CS1061: 'WebApplicationBuilder' does not contain a definition for 'AddClywellLogging' and no accessible extension method 'AddClywellLogging' accepting a first argument of type 'WebApplicationBuilder' could be found (are you missing a using directive or an assembly reference?) [C:\Users\DELL\Desktop\OAR\C#\Projects\Clywell Core\StudentScoreApi\StudentScoreApi.csproj]
C:\Users\DELL\Desktop\OAR\C#\Projects\Clywell Core\StudentScoreApi\Program.cs(23,5): error CS1061: 'WebApplication' does not contain a definition for 'UseClywellRequestTracking' and no accessible extension method 'UseClywellRequestTracking' accepting a first argument of type 'WebApplication' could be found (are you missing a using directive or an assembly reference?) [C:\Users\DELL\Desktop\OAR\C#\Projects\Clywell Core\StudentScoreApi\StudentScoreApi.csproj]
C:\Users\DELL\Desktop\OAR\C#\Projects\Clywell Core\StudentScoreApi\Program.cs(24,5): error CS1061: 'WebApplication' does not contain a definition for 'UseClywellRequestLogging' and no accessible extension method 'UseClywellRequestLogging' accepting a first argument of type 'WebApplication' could be found (are you missing a using directive or an assembly reference?) [C:\Users\DELL\Desktop\OAR\C#\Projects\Clywell Core\StudentScoreApi\StudentScoreApi.csproj]
C:\Users\DELL\Desktop\OAR\C#\Projects\Clywell Core\StudentScoreApi\Controllers\StudentController.cs(55,21): error CS1061: 'ILogger<StudentController>' does not contain a definition for 'LogDebugIfEnabled' and no accessible extension method 'LogDebugIfEnabled' accepting a first argument of type 'ILogger<StudentController>' could be found (are you missing a using directive or an assembly reference?) [C:\Users\DELL\Desktop\OAR\C#\Projects\Clywell Core\StudentScoreApi\StudentScoreApi.csproj]

Build FAILED.

C:\Users\DELL\Desktop\OAR\C#\Projects\Clywell Core\StudentScoreApi\Program.cs(12,9): error CS1061: 'WebApplicationBuilder' does not contain a definition for 'AddClywellLogging' and no accessible extension method 'AddClywellLogging' accepting a first argument of type 'WebApplicationBuilder' could be found (are you missing a using directive or an assembly reference?) [C:\Users\DELL\Desktop\OAR\C#\Projects\Clywell Core\StudentScoreApi\StudentScoreApi.csproj]
C:\Users\DELL\Desktop\OAR\C#\Projects\Clywell Core\StudentScoreApi\Program.cs(23,5): error CS1061: 'WebApplication' does not contain a definition for 'UseClywellRequestTracking' and no accessible extension method 'UseClywellRequestTracking' accepting a first argument of type 'WebApplication' could be found (are you missing a using directive or an assembly reference?) [C:\Users\DELL\Desktop\OAR\C#\Projects\Clywell Core\StudentScoreApi\StudentScoreApi.csproj]
C:\Users\DELL\Desktop\OAR\C#\Projects\Clywell Core\StudentScoreApi\Program.cs(24,5): error CS1061: 'WebApplication' does not contain a definition for 'UseClywellRequestLogging' and no accessible extension method 'UseClywellRequestLogging' accepting a first argument of type 'WebApplication' could be found (are you missing a using directive or an assembly reference?) [C:\Users\DELL\Desktop\OAR\C#\Projects\Clywell Core\StudentScoreApi\StudentScoreApi.csproj]
C:\Users\DELL\Desktop\OAR\C#\Projects\Clywell Core\StudentScoreApi\Controllers\StudentController.cs(55,21): error CS1061: 'ILogger<StudentController>' does not contain a definition for 'LogDebugIfEnabled' and no accessible extension method 'LogDebugIfEnabled' accepting a first argument of type 'ILogger<StudentController>' could be found (are you missing a using directive or an assembly reference?) [C:\Users\DELL\Desktop\OAR\C#\Projects\Clywell Core\StudentScoreApi\StudentScoreApi.csproj]
    0 Warning(s)
    4 Error(s)

Time Elapsed 00:00:06.64
